[2025-07-01T12:49:29.452+0000] {taskinstance.py:1956} INFO - Dependencies all met for dep_context=non-requeueable deps ti=<TaskInstance: youtube_kpi_daily_batch.run_batch_youtube_etl manual__2025-07-01T12:49:28.547101+00:00 [queued]>
[2025-07-01T12:49:29.565+0000] {taskinstance.py:1956} INFO - Dependencies all met for dep_context=requeueable deps ti=<TaskInstance: youtube_kpi_daily_batch.run_batch_youtube_etl manual__2025-07-01T12:49:28.547101+00:00 [queued]>
[2025-07-01T12:49:29.565+0000] {taskinstance.py:2170} INFO - Starting attempt 1 of 2
[2025-07-01T12:49:29.571+0000] {taskinstance.py:2191} INFO - Executing <Task(PythonOperator): run_batch_youtube_etl> on 2025-07-01 12:49:28.547101+00:00
[2025-07-01T12:49:29.575+0000] {standard_task_runner.py:60} INFO - Started process 5385 to run task
[2025-07-01T12:49:29.577+0000] {standard_task_runner.py:87} INFO - Running: ['***', 'tasks', 'run', 'youtube_kpi_daily_batch', 'run_batch_youtube_etl', 'manual__2025-07-01T12:49:28.547101+00:00', '--job-id', '29', '--raw', '--subdir', 'DAGS_FOLDER/youtube_etl_dag.py', '--cfg-path', '/tmp/tmpuclge7y2']
[2025-07-01T12:49:29.578+0000] {standard_task_runner.py:88} INFO - Job 29: Subtask run_batch_youtube_etl
[2025-07-01T12:49:29.590+0000] {logging_mixin.py:188} WARNING - /home/***/.local/lib/python3.9/site-packages/***/settings.py:194 DeprecationWarning: The sql_alchemy_conn option in [core] has been moved to the sql_alchemy_conn option in [database] - the old setting has been used, but please update your config.
[2025-07-01T12:49:29.607+0000] {task_command.py:423} INFO - Running <TaskInstance: youtube_kpi_daily_batch.run_batch_youtube_etl manual__2025-07-01T12:49:28.547101+00:00 [running]> on host f52b64ea71aa
[2025-07-01T12:49:29.646+0000] {taskinstance.py:2480} INFO - Exporting env vars: AIRFLOW_CTX_DAG_OWNER='yonatan' AIRFLOW_CTX_DAG_ID='youtube_kpi_daily_batch' AIRFLOW_CTX_TASK_ID='run_batch_youtube_etl' AIRFLOW_CTX_EXECUTION_DATE='2025-07-01T12:49:28.547101+00:00' AIRFLOW_CTX_TRY_NUMBER='1' AIRFLOW_CTX_DAG_RUN_ID='manual__2025-07-01T12:49:28.547101+00:00'
[2025-07-01T12:49:29.660+0000] {logging_mixin.py:188} INFO - Processing channels 1 to 50...
[2025-07-01T12:49:30.102+0000] {logging_mixin.py:188} INFO - Loaded 50 channels and 50 KPI rows.
[2025-07-01T12:49:30.102+0000] {logging_mixin.py:188} INFO - Processing channels 51 to 100...
[2025-07-01T12:49:30.559+0000] {logging_mixin.py:188} INFO - Loaded 50 channels and 50 KPI rows.
[2025-07-01T12:49:30.562+0000] {logging_mixin.py:188} INFO - Processing channels 101 to 150...
[2025-07-01T12:49:30.965+0000] {logging_mixin.py:188} INFO - Loaded 50 channels and 50 KPI rows.
[2025-07-01T12:49:30.965+0000] {logging_mixin.py:188} INFO - Processing channels 151 to 200...
[2025-07-01T12:49:31.380+0000] {logging_mixin.py:188} INFO - Loaded 50 channels and 50 KPI rows.
[2025-07-01T12:49:31.381+0000] {logging_mixin.py:188} INFO - Processing channels 201 to 250...
[2025-07-01T12:49:31.791+0000] {logging_mixin.py:188} INFO - Loaded 49 channels and 49 KPI rows.
[2025-07-01T12:49:31.791+0000] {logging_mixin.py:188} INFO - Processing channels 251 to 300...
[2025-07-01T12:49:32.184+0000] {logging_mixin.py:188} INFO - Loaded 50 channels and 50 KPI rows.
[2025-07-01T12:49:32.184+0000] {logging_mixin.py:188} INFO - Processing channels 301 to 350...
[2025-07-01T12:49:32.602+0000] {logging_mixin.py:188} INFO - Loaded 49 channels and 49 KPI rows.
[2025-07-01T12:49:32.602+0000] {logging_mixin.py:188} INFO - Processing channels 351 to 400...
[2025-07-01T12:49:33.064+0000] {logging_mixin.py:188} INFO - Loaded 50 channels and 50 KPI rows.
[2025-07-01T12:49:33.064+0000] {logging_mixin.py:188} INFO - Processing channels 401 to 450...
[2025-07-01T12:49:33.452+0000] {logging_mixin.py:188} INFO - Loaded 50 channels and 50 KPI rows.
[2025-07-01T12:49:33.452+0000] {logging_mixin.py:188} INFO - Processing channels 451 to 500...
[2025-07-01T12:49:33.854+0000] {logging_mixin.py:188} INFO - Loaded 50 channels and 50 KPI rows.
[2025-07-01T12:49:33.855+0000] {logging_mixin.py:188} INFO - Processing channels 501 to 550...
[2025-07-01T12:49:34.305+0000] {logging_mixin.py:188} INFO - Loaded 50 channels and 50 KPI rows.
[2025-07-01T12:49:34.306+0000] {logging_mixin.py:188} INFO - Processing channels 551 to 600...
[2025-07-01T12:49:34.748+0000] {logging_mixin.py:188} INFO - Loaded 50 channels and 50 KPI rows.
[2025-07-01T12:49:34.748+0000] {logging_mixin.py:188} INFO - Processing channels 601 to 650...
[2025-07-01T12:49:35.176+0000] {logging_mixin.py:188} INFO - Loaded 50 channels and 50 KPI rows.
[2025-07-01T12:49:35.177+0000] {logging_mixin.py:188} INFO - Processing channels 651 to 700...
[2025-07-01T12:49:35.612+0000] {logging_mixin.py:188} INFO - Loaded 50 channels and 50 KPI rows.
[2025-07-01T12:49:35.613+0000] {logging_mixin.py:188} INFO - Processing channels 701 to 750...
[2025-07-01T12:49:36.024+0000] {logging_mixin.py:188} INFO - Loaded 50 channels and 50 KPI rows.
[2025-07-01T12:49:36.025+0000] {logging_mixin.py:188} INFO - Processing channels 751 to 800...
[2025-07-01T12:49:36.427+0000] {logging_mixin.py:188} INFO - Loaded 50 channels and 50 KPI rows.
[2025-07-01T12:49:36.428+0000] {logging_mixin.py:188} INFO - Processing channels 801 to 850...
[2025-07-01T12:49:36.831+0000] {logging_mixin.py:188} INFO - Loaded 49 channels and 49 KPI rows.
[2025-07-01T12:49:36.831+0000] {logging_mixin.py:188} INFO - Processing channels 851 to 900...
[2025-07-01T12:49:37.228+0000] {logging_mixin.py:188} INFO - Loaded 50 channels and 50 KPI rows.
[2025-07-01T12:49:37.228+0000] {logging_mixin.py:188} INFO - Processing channels 901 to 950...
[2025-07-01T12:49:37.607+0000] {logging_mixin.py:188} INFO - Loaded 50 channels and 50 KPI rows.
[2025-07-01T12:49:37.607+0000] {logging_mixin.py:188} INFO - Processing channels 951 to 1000...
[2025-07-01T12:49:38.021+0000] {logging_mixin.py:188} INFO - Loaded 50 channels and 50 KPI rows.
[2025-07-01T12:49:38.022+0000] {python.py:201} INFO - Done. Returned value was: None
[2025-07-01T12:49:38.035+0000] {taskinstance.py:1138} INFO - Marking task as SUCCESS. dag_id=youtube_kpi_daily_batch, task_id=run_batch_youtube_etl, execution_date=20250701T124928, start_date=20250701T124929, end_date=20250701T124938
[2025-07-01T12:49:38.061+0000] {local_task_job_runner.py:234} INFO - Task exited with return code 0
[2025-07-01T12:49:38.086+0000] {taskinstance.py:3280} INFO - 0 downstream tasks scheduled from follow-on schedule check
