[2025-07-02T09:47:06.266+0000] {taskinstance.py:1956} INFO - Dependencies all met for dep_context=non-requeueable deps ti=<TaskInstance: youtube_kpi_daily_batch.run_batch_youtube_etl manual__2025-07-02T09:47:04.701982+00:00 [queued]>
[2025-07-02T09:47:06.270+0000] {taskinstance.py:1956} INFO - Dependencies all met for dep_context=requeueable deps ti=<TaskInstance: youtube_kpi_daily_batch.run_batch_youtube_etl manual__2025-07-02T09:47:04.701982+00:00 [queued]>
[2025-07-02T09:47:06.270+0000] {taskinstance.py:2170} INFO - Starting attempt 1 of 2
[2025-07-02T09:47:06.276+0000] {taskinstance.py:2191} INFO - Executing <Task(PythonOperator): run_batch_youtube_etl> on 2025-07-02 09:47:04.701982+00:00
[2025-07-02T09:47:06.283+0000] {standard_task_runner.py:60} INFO - Started process 7687 to run task
[2025-07-02T09:47:06.288+0000] {standard_task_runner.py:87} INFO - Running: ['***', 'tasks', 'run', 'youtube_kpi_daily_batch', 'run_batch_youtube_etl', 'manual__2025-07-02T09:47:04.701982+00:00', '--job-id', '31', '--raw', '--subdir', 'DAGS_FOLDER/youtube_etl_dag.py', '--cfg-path', '/tmp/tmp9y9rgry5']
[2025-07-02T09:47:06.291+0000] {standard_task_runner.py:88} INFO - Job 31: Subtask run_batch_youtube_etl
[2025-07-02T09:47:06.303+0000] {logging_mixin.py:188} WARNING - /home/***/.local/lib/python3.9/site-packages/***/settings.py:194 DeprecationWarning: The sql_alchemy_conn option in [core] has been moved to the sql_alchemy_conn option in [database] - the old setting has been used, but please update your config.
[2025-07-02T09:47:06.324+0000] {task_command.py:423} INFO - Running <TaskInstance: youtube_kpi_daily_batch.run_batch_youtube_etl manual__2025-07-02T09:47:04.701982+00:00 [running]> on host f52b64ea71aa
[2025-07-02T09:47:06.367+0000] {taskinstance.py:2480} INFO - Exporting env vars: AIRFLOW_CTX_DAG_OWNER='yonatan' AIRFLOW_CTX_DAG_ID='youtube_kpi_daily_batch' AIRFLOW_CTX_TASK_ID='run_batch_youtube_etl' AIRFLOW_CTX_EXECUTION_DATE='2025-07-02T09:47:04.701982+00:00' AIRFLOW_CTX_TRY_NUMBER='1' AIRFLOW_CTX_DAG_RUN_ID='manual__2025-07-02T09:47:04.701982+00:00'
[2025-07-02T09:47:06.383+0000] {logging_mixin.py:188} INFO - Processing channels 1 to 50...
[2025-07-02T09:47:06.800+0000] {logging_mixin.py:188} INFO - Loaded 50 channels and 50 KPI rows.
[2025-07-02T09:47:06.801+0000] {logging_mixin.py:188} INFO - Processing channels 51 to 100...
[2025-07-02T09:47:07.233+0000] {logging_mixin.py:188} INFO - Loaded 50 channels and 50 KPI rows.
[2025-07-02T09:47:07.233+0000] {logging_mixin.py:188} INFO - Processing channels 101 to 150...
[2025-07-02T09:47:07.629+0000] {logging_mixin.py:188} INFO - Loaded 50 channels and 50 KPI rows.
[2025-07-02T09:47:07.629+0000] {logging_mixin.py:188} INFO - Processing channels 151 to 200...
[2025-07-02T09:47:08.022+0000] {logging_mixin.py:188} INFO - Loaded 50 channels and 50 KPI rows.
[2025-07-02T09:47:08.022+0000] {logging_mixin.py:188} INFO - Processing channels 201 to 250...
[2025-07-02T09:47:08.420+0000] {logging_mixin.py:188} INFO - Loaded 49 channels and 49 KPI rows.
[2025-07-02T09:47:08.421+0000] {logging_mixin.py:188} INFO - Processing channels 251 to 300...
[2025-07-02T09:47:08.844+0000] {logging_mixin.py:188} INFO - Loaded 50 channels and 50 KPI rows.
[2025-07-02T09:47:08.844+0000] {logging_mixin.py:188} INFO - Processing channels 301 to 350...
[2025-07-02T09:47:09.273+0000] {logging_mixin.py:188} INFO - Loaded 49 channels and 49 KPI rows.
[2025-07-02T09:47:09.273+0000] {logging_mixin.py:188} INFO - Processing channels 351 to 400...
[2025-07-02T09:47:09.712+0000] {logging_mixin.py:188} INFO - Loaded 50 channels and 50 KPI rows.
[2025-07-02T09:47:09.712+0000] {logging_mixin.py:188} INFO - Processing channels 401 to 450...
[2025-07-02T09:47:10.070+0000] {logging_mixin.py:188} INFO - Loaded 50 channels and 50 KPI rows.
[2025-07-02T09:47:10.071+0000] {logging_mixin.py:188} INFO - Processing channels 451 to 500...
[2025-07-02T09:47:10.696+0000] {logging_mixin.py:188} INFO - Loaded 50 channels and 50 KPI rows.
[2025-07-02T09:47:10.697+0000] {logging_mixin.py:188} INFO - Processing channels 501 to 550...
[2025-07-02T09:47:11.082+0000] {logging_mixin.py:188} INFO - Loaded 50 channels and 50 KPI rows.
[2025-07-02T09:47:11.083+0000] {logging_mixin.py:188} INFO - Processing channels 551 to 600...
[2025-07-02T09:47:11.658+0000] {logging_mixin.py:188} INFO - Loaded 50 channels and 50 KPI rows.
[2025-07-02T09:47:11.658+0000] {logging_mixin.py:188} INFO - Processing channels 601 to 650...
[2025-07-02T09:47:12.042+0000] {logging_mixin.py:188} INFO - Loaded 50 channels and 50 KPI rows.
[2025-07-02T09:47:12.042+0000] {logging_mixin.py:188} INFO - Processing channels 651 to 700...
[2025-07-02T09:47:12.454+0000] {logging_mixin.py:188} INFO - Loaded 50 channels and 50 KPI rows.
[2025-07-02T09:47:12.454+0000] {logging_mixin.py:188} INFO - Processing channels 701 to 750...
[2025-07-02T09:47:12.848+0000] {logging_mixin.py:188} INFO - Loaded 50 channels and 50 KPI rows.
[2025-07-02T09:47:12.848+0000] {logging_mixin.py:188} INFO - Processing channels 751 to 800...
[2025-07-02T09:47:13.266+0000] {logging_mixin.py:188} INFO - Loaded 50 channels and 50 KPI rows.
[2025-07-02T09:47:13.267+0000] {logging_mixin.py:188} INFO - Processing channels 801 to 850...
[2025-07-02T09:47:13.656+0000] {logging_mixin.py:188} INFO - Loaded 49 channels and 49 KPI rows.
[2025-07-02T09:47:13.657+0000] {logging_mixin.py:188} INFO - Processing channels 851 to 900...
[2025-07-02T09:47:14.060+0000] {logging_mixin.py:188} INFO - Loaded 50 channels and 50 KPI rows.
[2025-07-02T09:47:14.060+0000] {logging_mixin.py:188} INFO - Processing channels 901 to 950...
[2025-07-02T09:47:14.691+0000] {logging_mixin.py:188} INFO - Loaded 50 channels and 50 KPI rows.
[2025-07-02T09:47:14.692+0000] {logging_mixin.py:188} INFO - Processing channels 951 to 1000...
[2025-07-02T09:47:15.229+0000] {logging_mixin.py:188} INFO - Loaded 50 channels and 50 KPI rows.
[2025-07-02T09:47:15.230+0000] {python.py:201} INFO - Done. Returned value was: None
[2025-07-02T09:47:15.241+0000] {taskinstance.py:1138} INFO - Marking task as SUCCESS. dag_id=youtube_kpi_daily_batch, task_id=run_batch_youtube_etl, execution_date=20250702T094704, start_date=20250702T094706, end_date=20250702T094715
[2025-07-02T09:47:15.261+0000] {local_task_job_runner.py:234} INFO - Task exited with return code 0
[2025-07-02T09:47:15.277+0000] {taskinstance.py:3280} INFO - 0 downstream tasks scheduled from follow-on schedule check
