[2025-06-30T00:47:19.011+0000] {taskinstance.py:1956} INFO - Dependencies all met for dep_context=non-requeueable deps ti=<TaskInstance: youtube_kpi_daily_batch.run_batch_youtube_etl scheduled__2025-06-29T00:00:00+00:00 [queued]>
[2025-06-30T00:47:19.015+0000] {taskinstance.py:1956} INFO - Dependencies all met for dep_context=requeueable deps ti=<TaskInstance: youtube_kpi_daily_batch.run_batch_youtube_etl scheduled__2025-06-29T00:00:00+00:00 [queued]>
[2025-06-30T00:47:19.015+0000] {taskinstance.py:2170} INFO - Starting attempt 1 of 2
[2025-06-30T00:47:19.157+0000] {taskinstance.py:2191} INFO - Executing <Task(PythonOperator): run_batch_youtube_etl> on 2025-06-29 00:00:00+00:00
[2025-06-30T00:47:19.163+0000] {standard_task_runner.py:60} INFO - Started process 661 to run task
[2025-06-30T00:47:19.166+0000] {standard_task_runner.py:87} INFO - Running: ['***', 'tasks', 'run', 'youtube_kpi_daily_batch', 'run_batch_youtube_etl', 'scheduled__2025-06-29T00:00:00+00:00', '--job-id', '14', '--raw', '--subdir', 'DAGS_FOLDER/youtube_etl_dag.py', '--cfg-path', '/tmp/tmpae6m_07g']
[2025-06-30T00:47:19.169+0000] {standard_task_runner.py:88} INFO - Job 14: Subtask run_batch_youtube_etl
[2025-06-30T00:47:19.182+0000] {logging_mixin.py:188} WARNING - /home/***/.local/lib/python3.9/site-packages/***/settings.py:194 DeprecationWarning: The sql_alchemy_conn option in [core] has been moved to the sql_alchemy_conn option in [database] - the old setting has been used, but please update your config.
[2025-06-30T00:47:19.206+0000] {task_command.py:423} INFO - Running <TaskInstance: youtube_kpi_daily_batch.run_batch_youtube_etl scheduled__2025-06-29T00:00:00+00:00 [running]> on host 9b1095dedf0a
[2025-06-30T00:47:19.261+0000] {taskinstance.py:2480} INFO - Exporting env vars: AIRFLOW_CTX_DAG_OWNER='yonatan' AIRFLOW_CTX_DAG_ID='youtube_kpi_daily_batch' AIRFLOW_CTX_TASK_ID='run_batch_youtube_etl' AIRFLOW_CTX_EXECUTION_DATE='2025-06-29T00:00:00+00:00' AIRFLOW_CTX_TRY_NUMBER='1' AIRFLOW_CTX_DAG_RUN_ID='scheduled__2025-06-29T00:00:00+00:00'
[2025-06-30T00:47:19.285+0000] {logging_mixin.py:188} INFO - Running ETL for channel: UCvtRTOMP2TqYqu51xNrqAzg
[2025-06-30T00:47:19.602+0000] {logging_mixin.py:188} INFO - Failed for UCvtRTOMP2TqYqu51xNrqAzg: 403 Client Error: Forbidden for url: https://www.googleapis.com/youtube/v3/channels?part=statistics,snippet&id=UCvtRTOMP2TqYqu51xNrqAzg&key=AIzaSyAFiKSpDVcYBOkCe_3ts37XM3VE3DIduQ0
[2025-06-30T00:47:19.604+0000] {logging_mixin.py:188} INFO - Running ETL for channel: UC0ZV6M2THA81QT9hrVWJG3A
[2025-06-30T00:47:19.779+0000] {logging_mixin.py:188} INFO - Failed for UC0ZV6M2THA81QT9hrVWJG3A: 403 Client Error: Forbidden for url: https://www.googleapis.com/youtube/v3/channels?part=statistics,snippet&id=UC0ZV6M2THA81QT9hrVWJG3A&key=AIzaSyAFiKSpDVcYBOkCe_3ts37XM3VE3DIduQ0
[2025-06-30T00:47:19.782+0000] {logging_mixin.py:188} INFO - Running ETL for channel: UCYzPXprvl5Y-Sf0g4vX-m6g
[2025-06-30T00:47:19.953+0000] {logging_mixin.py:188} INFO - Failed for UCYzPXprvl5Y-Sf0g4vX-m6g: 403 Client Error: Forbidden for url: https://www.googleapis.com/youtube/v3/channels?part=statistics,snippet&id=UCYzPXprvl5Y-Sf0g4vX-m6g&key=AIzaSyAFiKSpDVcYBOkCe_3ts37XM3VE3DIduQ0
[2025-06-30T00:47:19.956+0000] {logging_mixin.py:188} INFO - Running ETL for channel: UCbg_UMjlHJg_19SZckaKajg
[2025-06-30T00:47:20.137+0000] {logging_mixin.py:188} INFO - Failed for UCbg_UMjlHJg_19SZckaKajg: 403 Client Error: Forbidden for url: https://www.googleapis.com/youtube/v3/channels?part=statistics,snippet&id=UCbg_UMjlHJg_19SZckaKajg&key=AIzaSyAFiKSpDVcYBOkCe_3ts37XM3VE3DIduQ0
[2025-06-30T00:47:20.140+0000] {logging_mixin.py:188} INFO - Running ETL for channel: UCDVPcEbVLQgLZX0Rt6jo34A
[2025-06-30T00:47:20.317+0000] {logging_mixin.py:188} INFO - Failed for UCDVPcEbVLQgLZX0Rt6jo34A: 403 Client Error: Forbidden for url: https://www.googleapis.com/youtube/v3/channels?part=statistics,snippet&id=UCDVPcEbVLQgLZX0Rt6jo34A&key=AIzaSyAFiKSpDVcYBOkCe_3ts37XM3VE3DIduQ0
[2025-06-30T00:47:20.320+0000] {python.py:201} INFO - Done. Returned value was: None
[2025-06-30T00:47:20.336+0000] {taskinstance.py:1138} INFO - Marking task as SUCCESS. dag_id=youtube_kpi_daily_batch, task_id=run_batch_youtube_etl, execution_date=20250629T000000, start_date=20250630T004719, end_date=20250630T004720
[2025-06-30T00:47:20.354+0000] {local_task_job_runner.py:234} INFO - Task exited with return code 0
[2025-06-30T00:47:20.373+0000] {taskinstance.py:3280} INFO - 0 downstream tasks scheduled from follow-on schedule check
[2025-06-30T10:37:06.564+0000] {taskinstance.py:1956} INFO - Dependencies all met for dep_context=non-requeueable deps ti=<TaskInstance: youtube_kpi_daily_batch.run_batch_youtube_etl scheduled__2025-06-29T00:00:00+00:00 [queued]>
[2025-06-30T10:37:06.567+0000] {taskinstance.py:1956} INFO - Dependencies all met for dep_context=requeueable deps ti=<TaskInstance: youtube_kpi_daily_batch.run_batch_youtube_etl scheduled__2025-06-29T00:00:00+00:00 [queued]>
[2025-06-30T10:37:06.568+0000] {taskinstance.py:2170} INFO - Starting attempt 1 of 2
[2025-06-30T10:37:06.639+0000] {taskinstance.py:2191} INFO - Executing <Task(PythonOperator): run_batch_youtube_etl> on 2025-06-29 00:00:00+00:00
[2025-06-30T10:37:06.642+0000] {standard_task_runner.py:60} INFO - Started process 187 to run task
[2025-06-30T10:37:06.643+0000] {standard_task_runner.py:87} INFO - Running: ['***', 'tasks', 'run', 'youtube_kpi_daily_batch', 'run_batch_youtube_etl', 'scheduled__2025-06-29T00:00:00+00:00', '--job-id', '17', '--raw', '--subdir', 'DAGS_FOLDER/youtube_etl_dag.py', '--cfg-path', '/tmp/tmpwotr25gi']
[2025-06-30T10:37:06.645+0000] {standard_task_runner.py:88} INFO - Job 17: Subtask run_batch_youtube_etl
[2025-06-30T10:37:06.655+0000] {logging_mixin.py:188} WARNING - /home/***/.local/lib/python3.9/site-packages/***/settings.py:194 DeprecationWarning: The sql_alchemy_conn option in [core] has been moved to the sql_alchemy_conn option in [database] - the old setting has been used, but please update your config.
[2025-06-30T10:37:06.676+0000] {task_command.py:423} INFO - Running <TaskInstance: youtube_kpi_daily_batch.run_batch_youtube_etl scheduled__2025-06-29T00:00:00+00:00 [running]> on host f52b64ea71aa
[2025-06-30T10:37:06.712+0000] {taskinstance.py:2480} INFO - Exporting env vars: AIRFLOW_CTX_DAG_OWNER='yonatan' AIRFLOW_CTX_DAG_ID='youtube_kpi_daily_batch' AIRFLOW_CTX_TASK_ID='run_batch_youtube_etl' AIRFLOW_CTX_EXECUTION_DATE='2025-06-29T00:00:00+00:00' AIRFLOW_CTX_TRY_NUMBER='1' AIRFLOW_CTX_DAG_RUN_ID='scheduled__2025-06-29T00:00:00+00:00'
[2025-06-30T10:37:06.725+0000] {logging_mixin.py:188} INFO - Running ETL for channel: UCvtRTOMP2TqYqu51xNrqAzg
[2025-06-30T10:37:07.569+0000] {logging_mixin.py:188} INFO - Failed for UCvtRTOMP2TqYqu51xNrqAzg: current transaction is aborted, commands ignored until end of transaction block
[2025-06-30T10:37:07.569+0000] {logging_mixin.py:188} INFO - Running ETL for channel: UC0ZV6M2THA81QT9hrVWJG3A
[2025-06-30T10:37:08.234+0000] {logging_mixin.py:188} INFO - Failed for UC0ZV6M2THA81QT9hrVWJG3A: current transaction is aborted, commands ignored until end of transaction block
[2025-06-30T10:37:08.234+0000] {logging_mixin.py:188} INFO - Running ETL for channel: UCYzPXprvl5Y-Sf0g4vX-m6g
[2025-06-30T10:37:09.033+0000] {logging_mixin.py:188} INFO - Failed for UCYzPXprvl5Y-Sf0g4vX-m6g: current transaction is aborted, commands ignored until end of transaction block
[2025-06-30T10:37:09.033+0000] {logging_mixin.py:188} INFO - Running ETL for channel: UCbg_UMjlHJg_19SZckaKajg
[2025-06-30T10:37:09.887+0000] {logging_mixin.py:188} INFO - Failed for UCbg_UMjlHJg_19SZckaKajg: current transaction is aborted, commands ignored until end of transaction block
[2025-06-30T10:37:09.888+0000] {logging_mixin.py:188} INFO - Running ETL for channel: UCDVPcEbVLQgLZX0Rt6jo34A
[2025-06-30T10:37:10.728+0000] {logging_mixin.py:188} INFO - Failed for UCDVPcEbVLQgLZX0Rt6jo34A: current transaction is aborted, commands ignored until end of transaction block
[2025-06-30T10:37:10.729+0000] {python.py:201} INFO - Done. Returned value was: None
[2025-06-30T10:37:10.739+0000] {taskinstance.py:1138} INFO - Marking task as SUCCESS. dag_id=youtube_kpi_daily_batch, task_id=run_batch_youtube_etl, execution_date=20250629T000000, start_date=20250630T103706, end_date=20250630T103710
[2025-06-30T10:37:10.764+0000] {local_task_job_runner.py:234} INFO - Task exited with return code 0
[2025-06-30T10:37:10.776+0000] {taskinstance.py:3280} INFO - 0 downstream tasks scheduled from follow-on schedule check
