[2025-07-01T12:12:47.053+0000] {taskinstance.py:1956} INFO - Dependencies all met for dep_context=non-requeueable deps ti=<TaskInstance: youtube_kpi_daily_batch.run_batch_youtube_etl manual__2025-07-01T12:12:45.865199+00:00 [queued]>
[2025-07-01T12:12:47.134+0000] {taskinstance.py:1956} INFO - Dependencies all met for dep_context=requeueable deps ti=<TaskInstance: youtube_kpi_daily_batch.run_batch_youtube_etl manual__2025-07-01T12:12:45.865199+00:00 [queued]>
[2025-07-01T12:12:47.135+0000] {taskinstance.py:2170} INFO - Starting attempt 1 of 2
[2025-07-01T12:12:47.140+0000] {taskinstance.py:2191} INFO - Executing <Task(PythonOperator): run_batch_youtube_etl> on 2025-07-01 12:12:45.865199+00:00
[2025-07-01T12:12:47.143+0000] {standard_task_runner.py:60} INFO - Started process 4956 to run task
[2025-07-01T12:12:47.145+0000] {standard_task_runner.py:87} INFO - Running: ['***', 'tasks', 'run', 'youtube_kpi_daily_batch', 'run_batch_youtube_etl', 'manual__2025-07-01T12:12:45.865199+00:00', '--job-id', '28', '--raw', '--subdir', 'DAGS_FOLDER/youtube_etl_dag.py', '--cfg-path', '/tmp/tmpo7u5x8z2']
[2025-07-01T12:12:47.149+0000] {standard_task_runner.py:88} INFO - Job 28: Subtask run_batch_youtube_etl
[2025-07-01T12:12:47.159+0000] {logging_mixin.py:188} WARNING - /home/***/.local/lib/python3.9/site-packages/***/settings.py:194 DeprecationWarning: The sql_alchemy_conn option in [core] has been moved to the sql_alchemy_conn option in [database] - the old setting has been used, but please update your config.
[2025-07-01T12:12:47.179+0000] {task_command.py:423} INFO - Running <TaskInstance: youtube_kpi_daily_batch.run_batch_youtube_etl manual__2025-07-01T12:12:45.865199+00:00 [running]> on host f52b64ea71aa
[2025-07-01T12:12:47.226+0000] {taskinstance.py:2480} INFO - Exporting env vars: AIRFLOW_CTX_DAG_OWNER='yonatan' AIRFLOW_CTX_DAG_ID='youtube_kpi_daily_batch' AIRFLOW_CTX_TASK_ID='run_batch_youtube_etl' AIRFLOW_CTX_EXECUTION_DATE='2025-07-01T12:12:45.865199+00:00' AIRFLOW_CTX_TRY_NUMBER='1' AIRFLOW_CTX_DAG_RUN_ID='manual__2025-07-01T12:12:45.865199+00:00'
[2025-07-01T12:12:47.260+0000] {logging_mixin.py:188} INFO - Processing channels 1 to 50...
[2025-07-01T12:12:47.747+0000] {logging_mixin.py:188} INFO - Loaded 50 channels and 50 KPI rows.
[2025-07-01T12:12:47.748+0000] {logging_mixin.py:188} INFO - Processing channels 51 to 100...
[2025-07-01T12:12:48.142+0000] {logging_mixin.py:188} INFO - Loaded 50 channels and 50 KPI rows.
[2025-07-01T12:12:48.142+0000] {logging_mixin.py:188} INFO - Processing channels 101 to 150...
[2025-07-01T12:12:48.574+0000] {logging_mixin.py:188} INFO - Loaded 50 channels and 50 KPI rows.
[2025-07-01T12:12:48.574+0000] {logging_mixin.py:188} INFO - Processing channels 151 to 200...
[2025-07-01T12:12:48.971+0000] {logging_mixin.py:188} INFO - Loaded 50 channels and 50 KPI rows.
[2025-07-01T12:12:48.972+0000] {logging_mixin.py:188} INFO - Processing channels 201 to 250...
[2025-07-01T12:12:49.368+0000] {logging_mixin.py:188} INFO - Loaded 49 channels and 49 KPI rows.
[2025-07-01T12:12:49.368+0000] {logging_mixin.py:188} INFO - Processing channels 251 to 300...
[2025-07-01T12:12:49.752+0000] {logging_mixin.py:188} INFO - Loaded 50 channels and 50 KPI rows.
[2025-07-01T12:12:49.752+0000] {logging_mixin.py:188} INFO - Processing channels 301 to 350...
[2025-07-01T12:12:50.152+0000] {logging_mixin.py:188} INFO - Loaded 49 channels and 49 KPI rows.
[2025-07-01T12:12:50.152+0000] {logging_mixin.py:188} INFO - Processing channels 351 to 400...
[2025-07-01T12:12:50.544+0000] {logging_mixin.py:188} INFO - Loaded 50 channels and 50 KPI rows.
[2025-07-01T12:12:50.544+0000] {logging_mixin.py:188} INFO - Processing channels 401 to 450...
[2025-07-01T12:12:50.941+0000] {logging_mixin.py:188} INFO - Loaded 50 channels and 50 KPI rows.
[2025-07-01T12:12:50.942+0000] {logging_mixin.py:188} INFO - Processing channels 451 to 500...
[2025-07-01T12:12:51.344+0000] {logging_mixin.py:188} INFO - Loaded 50 channels and 50 KPI rows.
[2025-07-01T12:12:51.344+0000] {python.py:201} INFO - Done. Returned value was: None
[2025-07-01T12:12:51.349+0000] {taskinstance.py:1138} INFO - Marking task as SUCCESS. dag_id=youtube_kpi_daily_batch, task_id=run_batch_youtube_etl, execution_date=20250701T121245, start_date=20250701T121247, end_date=20250701T121251
[2025-07-01T12:12:51.363+0000] {local_task_job_runner.py:234} INFO - Task exited with return code 0
[2025-07-01T12:12:51.372+0000] {taskinstance.py:3280} INFO - 0 downstream tasks scheduled from follow-on schedule check
