[2025-07-02T00:32:59.733+0000] {taskinstance.py:1956} INFO - Dependencies all met for dep_context=non-requeueable deps ti=<TaskInstance: youtube_kpi_daily_batch.run_batch_youtube_etl scheduled__2025-07-01T00:00:00+00:00 [queued]>
[2025-07-02T00:32:59.745+0000] {taskinstance.py:1956} INFO - Dependencies all met for dep_context=requeueable deps ti=<TaskInstance: youtube_kpi_daily_batch.run_batch_youtube_etl scheduled__2025-07-01T00:00:00+00:00 [queued]>
[2025-07-02T00:32:59.745+0000] {taskinstance.py:2170} INFO - Starting attempt 1 of 2
[2025-07-02T00:32:59.757+0000] {taskinstance.py:2191} INFO - Executing <Task(PythonOperator): run_batch_youtube_etl> on 2025-07-01 00:00:00+00:00
[2025-07-02T00:32:59.763+0000] {standard_task_runner.py:60} INFO - Started process 7234 to run task
[2025-07-02T00:32:59.766+0000] {standard_task_runner.py:87} INFO - Running: ['***', 'tasks', 'run', 'youtube_kpi_daily_batch', 'run_batch_youtube_etl', 'scheduled__2025-07-01T00:00:00+00:00', '--job-id', '30', '--raw', '--subdir', 'DAGS_FOLDER/youtube_etl_dag.py', '--cfg-path', '/tmp/tmpl69077k7']
[2025-07-02T00:32:59.768+0000] {standard_task_runner.py:88} INFO - Job 30: Subtask run_batch_youtube_etl
[2025-07-02T00:32:59.781+0000] {logging_mixin.py:188} WARNING - /home/***/.local/lib/python3.9/site-packages/***/settings.py:194 DeprecationWarning: The sql_alchemy_conn option in [core] has been moved to the sql_alchemy_conn option in [database] - the old setting has been used, but please update your config.
[2025-07-02T00:32:59.806+0000] {task_command.py:423} INFO - Running <TaskInstance: youtube_kpi_daily_batch.run_batch_youtube_etl scheduled__2025-07-01T00:00:00+00:00 [running]> on host f52b64ea71aa
[2025-07-02T00:32:59.870+0000] {taskinstance.py:2480} INFO - Exporting env vars: AIRFLOW_CTX_DAG_OWNER='yonatan' AIRFLOW_CTX_DAG_ID='youtube_kpi_daily_batch' AIRFLOW_CTX_TASK_ID='run_batch_youtube_etl' AIRFLOW_CTX_EXECUTION_DATE='2025-07-01T00:00:00+00:00' AIRFLOW_CTX_TRY_NUMBER='1' AIRFLOW_CTX_DAG_RUN_ID='scheduled__2025-07-01T00:00:00+00:00'
[2025-07-02T00:32:59.890+0000] {logging_mixin.py:188} INFO - Processing channels 1 to 50...
[2025-07-02T00:33:00.441+0000] {logging_mixin.py:188} INFO - Loaded 50 channels and 50 KPI rows.
[2025-07-02T00:33:00.442+0000] {logging_mixin.py:188} INFO - Processing channels 51 to 100...
[2025-07-02T00:33:00.952+0000] {logging_mixin.py:188} INFO - Loaded 50 channels and 50 KPI rows.
[2025-07-02T00:33:00.953+0000] {logging_mixin.py:188} INFO - Processing channels 101 to 150...
[2025-07-02T00:33:01.591+0000] {logging_mixin.py:188} INFO - Loaded 50 channels and 50 KPI rows.
[2025-07-02T00:33:01.592+0000] {logging_mixin.py:188} INFO - Processing channels 151 to 200...
[2025-07-02T00:33:02.072+0000] {logging_mixin.py:188} INFO - Loaded 50 channels and 50 KPI rows.
[2025-07-02T00:33:02.073+0000] {logging_mixin.py:188} INFO - Processing channels 201 to 250...
[2025-07-02T00:33:02.597+0000] {logging_mixin.py:188} INFO - Loaded 49 channels and 49 KPI rows.
[2025-07-02T00:33:02.598+0000] {logging_mixin.py:188} INFO - Processing channels 251 to 300...
[2025-07-02T00:33:03.167+0000] {logging_mixin.py:188} INFO - Loaded 50 channels and 50 KPI rows.
[2025-07-02T00:33:03.168+0000] {logging_mixin.py:188} INFO - Processing channels 301 to 350...
[2025-07-02T00:33:03.712+0000] {logging_mixin.py:188} INFO - Loaded 49 channels and 49 KPI rows.
[2025-07-02T00:33:03.713+0000] {logging_mixin.py:188} INFO - Processing channels 351 to 400...
[2025-07-02T00:33:04.389+0000] {logging_mixin.py:188} INFO - Loaded 50 channels and 50 KPI rows.
[2025-07-02T00:33:04.390+0000] {logging_mixin.py:188} INFO - Processing channels 401 to 450...
[2025-07-02T00:33:04.979+0000] {logging_mixin.py:188} INFO - Loaded 50 channels and 50 KPI rows.
[2025-07-02T00:33:04.979+0000] {logging_mixin.py:188} INFO - Processing channels 451 to 500...
[2025-07-02T00:33:05.563+0000] {logging_mixin.py:188} INFO - Loaded 50 channels and 50 KPI rows.
[2025-07-02T00:33:05.564+0000] {logging_mixin.py:188} INFO - Processing channels 501 to 550...
[2025-07-02T00:33:06.186+0000] {logging_mixin.py:188} INFO - Loaded 50 channels and 50 KPI rows.
[2025-07-02T00:33:06.187+0000] {logging_mixin.py:188} INFO - Processing channels 551 to 600...
[2025-07-02T00:33:06.964+0000] {logging_mixin.py:188} INFO - Loaded 50 channels and 50 KPI rows.
[2025-07-02T00:33:06.965+0000] {logging_mixin.py:188} INFO - Processing channels 601 to 650...
[2025-07-02T00:33:07.670+0000] {logging_mixin.py:188} INFO - Loaded 50 channels and 50 KPI rows.
[2025-07-02T00:33:07.670+0000] {logging_mixin.py:188} INFO - Processing channels 651 to 700...
[2025-07-02T00:33:08.245+0000] {logging_mixin.py:188} INFO - Loaded 50 channels and 50 KPI rows.
[2025-07-02T00:33:08.246+0000] {logging_mixin.py:188} INFO - Processing channels 701 to 750...
[2025-07-02T00:33:08.916+0000] {logging_mixin.py:188} INFO - Loaded 50 channels and 50 KPI rows.
[2025-07-02T00:33:08.917+0000] {logging_mixin.py:188} INFO - Processing channels 751 to 800...
[2025-07-02T00:33:09.545+0000] {logging_mixin.py:188} INFO - Loaded 50 channels and 50 KPI rows.
[2025-07-02T00:33:09.546+0000] {logging_mixin.py:188} INFO - Processing channels 801 to 850...
[2025-07-02T00:33:10.158+0000] {logging_mixin.py:188} INFO - Loaded 49 channels and 49 KPI rows.
[2025-07-02T00:33:10.159+0000] {logging_mixin.py:188} INFO - Processing channels 851 to 900...
[2025-07-02T00:33:10.749+0000] {logging_mixin.py:188} INFO - Loaded 50 channels and 50 KPI rows.
[2025-07-02T00:33:10.749+0000] {logging_mixin.py:188} INFO - Processing channels 901 to 950...
[2025-07-02T00:33:11.374+0000] {logging_mixin.py:188} INFO - Loaded 50 channels and 50 KPI rows.
[2025-07-02T00:33:11.375+0000] {logging_mixin.py:188} INFO - Processing channels 951 to 1000...
[2025-07-02T00:33:12.011+0000] {logging_mixin.py:188} INFO - Loaded 50 channels and 50 KPI rows.
[2025-07-02T00:33:12.016+0000] {python.py:201} INFO - Done. Returned value was: None
[2025-07-02T00:33:12.069+0000] {taskinstance.py:1138} INFO - Marking task as SUCCESS. dag_id=youtube_kpi_daily_batch, task_id=run_batch_youtube_etl, execution_date=20250701T000000, start_date=20250702T003259, end_date=20250702T003312
[2025-07-02T00:33:12.103+0000] {local_task_job_runner.py:234} INFO - Task exited with return code 0
[2025-07-02T00:33:12.127+0000] {taskinstance.py:3280} INFO - 0 downstream tasks scheduled from follow-on schedule check
