[2025-06-29T12:46:10.965+0000] {taskinstance.py:1956} INFO - Dependencies all met for dep_context=non-requeueable deps ti=<TaskInstance: youtube_kpi_daily_batch.run_batch_youtube_etl manual__2025-06-29T12:46:10+00:00 [queued]>
[2025-06-29T12:46:10.969+0000] {taskinstance.py:1956} INFO - Dependencies all met for dep_context=requeueable deps ti=<TaskInstance: youtube_kpi_daily_batch.run_batch_youtube_etl manual__2025-06-29T12:46:10+00:00 [queued]>
[2025-06-29T12:46:10.969+0000] {taskinstance.py:2170} INFO - Starting attempt 1 of 2
[2025-06-29T12:46:11.047+0000] {taskinstance.py:2191} INFO - Executing <Task(PythonOperator): run_batch_youtube_etl> on 2025-06-29 12:46:10+00:00
[2025-06-29T12:46:11.050+0000] {standard_task_runner.py:60} INFO - Started process 222 to run task
[2025-06-29T12:46:11.052+0000] {standard_task_runner.py:87} INFO - Running: ['***', 'tasks', 'run', 'youtube_kpi_daily_batch', 'run_batch_youtube_etl', 'manual__2025-06-29T12:46:10+00:00', '--job-id', '11', '--raw', '--subdir', 'DAGS_FOLDER/youtube_etl_dag.py', '--cfg-path', '/tmp/tmpiv09u0sy']
[2025-06-29T12:46:11.053+0000] {standard_task_runner.py:88} INFO - Job 11: Subtask run_batch_youtube_etl
[2025-06-29T12:46:11.061+0000] {logging_mixin.py:188} WARNING - /home/***/.local/lib/python3.9/site-packages/***/settings.py:194 DeprecationWarning: The sql_alchemy_conn option in [core] has been moved to the sql_alchemy_conn option in [database] - the old setting has been used, but please update your config.
[2025-06-29T12:46:11.076+0000] {task_command.py:423} INFO - Running <TaskInstance: youtube_kpi_daily_batch.run_batch_youtube_etl manual__2025-06-29T12:46:10+00:00 [running]> on host 9b1095dedf0a
[2025-06-29T12:46:11.108+0000] {taskinstance.py:2480} INFO - Exporting env vars: AIRFLOW_CTX_DAG_OWNER='yonatan' AIRFLOW_CTX_DAG_ID='youtube_kpi_daily_batch' AIRFLOW_CTX_TASK_ID='run_batch_youtube_etl' AIRFLOW_CTX_EXECUTION_DATE='2025-06-29T12:46:10+00:00' AIRFLOW_CTX_TRY_NUMBER='1' AIRFLOW_CTX_DAG_RUN_ID='manual__2025-06-29T12:46:10+00:00'
[2025-06-29T12:46:11.116+0000] {logging_mixin.py:188} INFO - Running ETL for channel: UCvtRTOMP2TqYqu51xNrqAzg
[2025-06-29T12:46:11.986+0000] {logging_mixin.py:188} INFO - Running ETL for channel: UC0ZV6M2THA81QT9hrVWJG3A
[2025-06-29T12:46:12.664+0000] {logging_mixin.py:188} INFO - Running ETL for channel: UCYzPXprvl5Y-Sf0g4vX-m6g
[2025-06-29T12:46:13.663+0000] {logging_mixin.py:188} INFO - Failed for UCYzPXprvl5Y-Sf0g4vX-m6g: integer out of range
[2025-06-29T12:46:13.663+0000] {logging_mixin.py:188} INFO - Running ETL for channel: UCbg_UMjlHJg_19SZckaKajg
[2025-06-29T12:46:14.701+0000] {logging_mixin.py:188} INFO - Running ETL for channel: UCDVPcEbVLQgLZX0Rt6jo34A
[2025-06-29T12:46:15.530+0000] {logging_mixin.py:188} INFO - Running ETL for channel: UC5zJwsFtEs9WYe3A76p7xIA
[2025-06-29T12:46:16.259+0000] {logging_mixin.py:188} INFO - Running ETL for channel: UCDSJCBYqL7VQrlXfhr1RtwA
[2025-06-29T12:46:17.032+0000] {logging_mixin.py:188} INFO - Running ETL for channel: UC2C_jShtL725hvbm1arSV9w
[2025-06-29T12:46:17.959+0000] {logging_mixin.py:188} INFO - Running ETL for channel: UCZDdF_p-L88NWVpzF0vjvMQ
[2025-06-29T12:46:18.908+0000] {logging_mixin.py:188} INFO - Running ETL for channel: UC648rgJOboZlgcDbW00vTSA
[2025-06-29T12:46:19.860+0000] {logging_mixin.py:188} INFO - Failed for UC648rgJOboZlgcDbW00vTSA: integer out of range
[2025-06-29T12:46:19.860+0000] {python.py:201} INFO - Done. Returned value was: None
[2025-06-29T12:46:19.866+0000] {taskinstance.py:1138} INFO - Marking task as SUCCESS. dag_id=youtube_kpi_daily_batch, task_id=run_batch_youtube_etl, execution_date=20250629T124610, start_date=20250629T124610, end_date=20250629T124619
[2025-06-29T12:46:19.917+0000] {local_task_job_runner.py:234} INFO - Task exited with return code 0
[2025-06-29T12:46:19.933+0000] {taskinstance.py:3280} INFO - 0 downstream tasks scheduled from follow-on schedule check
